<?xml version="1.0" encoding="UTF-8"?>
<!-- Generated by org.testng.reporters.JUnitReportReporter -->
<testsuite hostname="LAPTOP-RPC21CH1" failures="1" tests="4" name="org.TestRunner.RunCucumberIT" time="43.571" errors="1" timestamp="2025-03-21T02:16:13 IST" skipped="0">
  <testcase classname="org.TestRunner.RunCucumberIT" name="runScenario" time="10.785"/>
  <system-out/>
  <testcase classname="org.TestRunner.RunCucumberIT" name="runScenario" time="11.206">
    <error message="Cannot invoke &quot;java.lang.Integer.intValue()&quot; because the return value of &quot;org.openqa.selenium.remote.Response.getStatus()&quot; is null" type="java.lang.NullPointerException">
      <![CDATA[java.lang.NullPointerException: Cannot invoke "java.lang.Integer.intValue()" because the return value of "org.openqa.selenium.remote.Response.getStatus()" is null
at org.openqa.selenium.remote.ErrorHandler.throwIfResponseFailed(ErrorHandler.java:99)
at org.openqa.selenium.remote.RemoteWebDriver.execute(RemoteWebDriver.java:580)
at org.openqa.selenium.remote.RemoteWebDriver.execute(RemoteWebDriver.java:600)
at org.openqa.selenium.remote.RemoteWebDriver.execute(RemoteWebDriver.java:604)
at org.openqa.selenium.remote.RemoteWebDriver.quit(RemoteWebDriver.java:435)
at org.openqa.selenium.chromium.ChromiumDriver.quit(ChromiumDriver.java:435)
at org.Hooks.Hooks.tearDown(Hooks.java:27)
]]>
    </error>
  </testcase> <!-- runScenario -->
  <system-out/>
  <testcase classname="org.TestRunner.RunCucumberIT" name="runScenario" time="10.795"/>
  <system-out/>
  <testcase classname="org.TestRunner.RunCucumberIT" name="runScenario" time="10.785">
    <failure message="URL is expected [https://www.saucedemo.com/v1/inventory.html] but found [https://www.saucedemo.com/v1/]" type="java.lang.AssertionError">
      <![CDATA[java.lang.AssertionError: URL is expected [https://www.saucedemo.com/v1/inventory.html] but found [https://www.saucedemo.com/v1/]
at org.testng.Assert.fail(Assert.java:99)
at org.testng.Assert.failNotEquals(Assert.java:1037)
at org.testng.Assert.assertEqualsImpl(Assert.java:140)
at org.testng.Assert.assertEquals(Assert.java:122)
at org.testng.Assert.assertEquals(Assert.java:629)
at org.StepDefinitions.LoginStepDef.user_should_be_navigated_to_dashboard_page(LoginStepDef.java:41)
at âœ½.user should be navigated to dashboard page(file:///C:/Users/LAXMI%20MAURYA/Desktop/Projects/Learning_Cucumber/src/test/resources/FeatureFile/Login.feature:14)
]]>
    </failure>
  </testcase> <!-- runScenario -->
  <system-out/>
</testsuite> <!-- org.TestRunner.RunCucumberIT -->
